<?xml version="1.0" encoding="UTF-8"?>
<!-- Generated by org.testng.reporters.JUnitReportReporter -->
<testsuite hostname="DESKTOP-TL9ALR0" failures="0" tests="1" name="com.Appium.Tests.TestECommerce4" time="96.322" errors="0" timestamp="19 Jun 2021 08:02:37 GMT" skipped="0">
  <testcase classname="com.Appium.Tests.TestECommerce4" name="testValidation" time="96.322"/>
</testsuite> <!-- com.Appium.Tests.TestECommerce4 -->
