<?xml version="1.0" encoding="UTF-8"?>
<!-- Generated by org.testng.reporters.JUnitReportReporter -->
<testsuite hostname="DESKTOP-TL9ALR0" failures="0" tests="2" name="com.Appium.Tests.TestAPIDemo" time="124.155" errors="0" timestamp="19 Jun 2021 08:02:37 GMT" skipped="0">
  <testcase classname="com.Appium.Tests.TestAPIDemo" name="apiDemo" time="65.709"/>
  <testcase classname="com.Appium.Tests.TestAPIDemo" name="apiDemo" time="58.446"/>
</testsuite> <!-- com.Appium.Tests.TestAPIDemo -->
